Base path: C:/Program Files/Unity/Editor/Data
Cmd: initializeCompiler
Cmd: preprocess
  insize=1794 outsize=356 ok=1
Cmd: preprocess
  insize=3317 outsize=535 ok=1
Cmd: preprocess
  insize=4117 outsize=680 ok=1
Cmd: preprocess
  insize=1275 outsize=361 ok=1
Cmd: preprocess
  insize=1046 outsize=413 ok=1
Cmd: preprocess
  insize=1309 outsize=315 ok=1
Cmd: preprocess
  insize=1615 outsize=361 ok=1
Cmd: preprocess
  insize=1571 outsize=403 ok=1
Cmd: preprocess
  insize=2296 outsize=356 ok=1
Cmd: preprocess
  insize=5260 outsize=807 ok=1
Cmd: preprocess
  insize=2839 outsize=378 ok=1
Cmd: preprocess
  insize=1061 outsize=417 ok=1
Cmd: preprocess
  insize=1802 outsize=633 ok=1
Cmd: preprocess
  insize=4184 outsize=542 ok=1
Cmd: preprocess
  insize=1519 outsize=404 ok=1
Cmd: preprocess
  insize=1884 outsize=414 ok=1
Cmd: compileCompute
  api=4 insize=2963 outsize=3417 ok=1
